Base path: '/Applications/Unity/Unity.app/Contents', plugins path '/Applications/Unity/Unity.app/Contents/PlaybackEngines'
Cmd: initializeCompiler
Cmd: preprocess
  insize=9249 outsize=3037 ok=1
Cmd: preprocess
  insize=4228 outsize=1401 ok=1
Cmd: preprocess
  insize=4213 outsize=1799 ok=1
Cmd: preprocess
  insize=4117 outsize=2887 ok=1
Cmd: preprocess
  insize=5101 outsize=4044 ok=1
Cmd: preprocess
  insize=11963 outsize=4462 ok=1
Cmd: preprocess
  insize=4230 outsize=1347 ok=1
Cmd: preprocess
  insize=8509 outsize=2729 ok=1
Cmd: preprocess
  insize=3042 outsize=1331 ok=1
Cmd: preprocess
  insize=8525 outsize=2741 ok=1
Cmd: preprocess
  insize=11973 outsize=4474 ok=1
Cmd: compileSnippet
  api=14 type=0 insize=5648 outsize=6089 kw=OUTLINE_ON pd=UNITY_NO_DXT5nm UNITY_ENABLE_REFLECTION_BUFFERS UNITY_NO_SCREENSPACE_SHADOWS UNITY_PBS_USE_BRDF2 SHADER_API_DESKTOP UNITY_HARDWARE_TIER3 UNITY_COLORSPACE_GAMMA UNITY_LIGHTMAP_DLDR_ENCODING ok=1
Cmd: compileSnippet
  api=14 type=1 insize=5648 outsize=1222 kw=OUTLINE_ON pd=UNITY_NO_DXT5nm UNITY_ENABLE_REFLECTION_BUFFERS UNITY_NO_SCREENSPACE_SHADOWS UNITY_PBS_USE_BRDF2 SHADER_API_DESKTOP UNITY_HARDWARE_TIER3 UNITY_COLORSPACE_GAMMA UNITY_LIGHTMAP_DLDR_ENCODING ok=1
Cmd: compileSnippet
  api=14 type=0 insize=5648 outsize=7453 kw=OUTLINE_ON UNDERLAY_ON pd=UNITY_NO_DXT5nm UNITY_ENABLE_REFLECTION_BUFFERS UNITY_NO_SCREENSPACE_SHADOWS UNITY_PBS_USE_BRDF2 SHADER_API_DESKTOP UNITY_HARDWARE_TIER3 UNITY_COLORSPACE_GAMMA UNITY_LIGHTMAP_DLDR_ENCODING ok=1
Cmd: compileSnippet
  api=14 type=1 insize=5648 outsize=1957 kw=OUTLINE_ON UNDERLAY_ON pd=UNITY_NO_DXT5nm UNITY_ENABLE_REFLECTION_BUFFERS UNITY_NO_SCREENSPACE_SHADOWS UNITY_PBS_USE_BRDF2 SHADER_API_DESKTOP UNITY_HARDWARE_TIER3 UNITY_COLORSPACE_GAMMA UNITY_LIGHTMAP_DLDR_ENCODING ok=1
